# JRE version: Java(TM) SE Runtime Environment (8.0_60-b27) (build 1.8.0_60-b27)
# Java VM: Java HotSpot(TM) 64-Bit Server VM (25.60-b23 mixed mode bsd-amd64 compressed oops)
Heap:
 PSYoungGen      total 74240K, used 26327K [0x000000076ab00000, 0x0000000770580000, 0x00000007c0000000)
  eden space 56832K, 29% used [0x000000076ab00000,0x000000076bb4b4b0,0x000000076e280000)
  from space 17408K, 55% used [0x000000076f480000,0x000000076fdea820,0x0000000770580000)
  to   space 17920K, 0% used [0x000000076e280000,0x000000076e280000,0x000000076f400000)
 ParOldGen       total 139776K, used 25189K [0x00000006c0000000, 0x00000006c8880000, 0x000000076ab00000)
  object space 139776K, 18% used [0x00000006c0000000,0x00000006c1899440,0x00000006c8880000)
 Metaspace       used 33339K, capacity 36562K, committed 36656K, reserved 1081344K
  class space    used 4612K, capacity 5168K, committed 5168K, reserved 1048576K
GC Heap History (10 events):
Event: 1227.513 GC heap before
{Heap before GC invocations=12 (full 2):
 PSYoungGen      total 76800K, used 16531K [0x000000076ab00000, 0x0000000770900000, 0x00000007c0000000)
  eden space 59392K, 0% used [0x000000076ab00000,0x000000076ab00000,0x000000076e500000)
  from space 17408K, 94% used [0x000000076f700000,0x0000000770724fc0,0x0000000770800000)
  to   space 18432K, 0% used [0x000000076e500000,0x000000076e500000,0x000000076f700000)
 ParOldGen       total 123392K, used 13870K [0x00000006c0000000, 0x00000006c7880000, 0x000000076ab00000)
  object space 123392K, 11% used [0x00000006c0000000,0x00000006c0d8ba50,0x00000006c7880000)
 Metaspace       used 32165K, capacity 35344K, committed 35496K, reserved 1079296K
  class space    used 4567K, capacity 5119K, committed 5168K, reserved 1048576K
Event: 1227.576 GC heap after
Heap after GC invocations=12 (full 2):
 PSYoungGen      total 76800K, used 0K [0x000000076ab00000, 0x0000000770900000, 0x00000007c0000000)
  eden space 59392K, 0% used [0x000000076ab00000,0x000000076ab00000,0x000000076e500000)
  from space 17408K, 0% used [0x000000076f700000,0x000000076f700000,0x0000000770800000)
  to   space 18432K, 0% used [0x000000076e500000,0x000000076e500000,0x000000076f700000)
 ParOldGen       total 139776K, used 25157K [0x00000006c0000000, 0x00000006c8880000, 0x000000076ab00000)
  object space 139776K, 17% used [0x00000006c0000000,0x00000006c1891440,0x00000006c8880000)
 Metaspace       used 32165K, capacity 35344K, committed 35496K, reserved 1079296K
  class space    used 4567K, capacity 5119K, committed 5168K, reserved 1048576K
}
Event: 1252.619 GC heap before
{Heap before GC invocations=13 (full 2):
 PSYoungGen      total 76800K, used 59392K [0x000000076ab00000, 0x0000000770900000, 0x00000007c0000000)
  eden space 59392K, 100% used [0x000000076ab00000,0x000000076e500000,0x000000076e500000)
  from space 17408K, 0% used [0x000000076f700000,0x000000076f700000,0x0000000770800000)
  to   space 18432K, 0% used [0x000000076e500000,0x000000076e500000,0x000000076f700000)
 ParOldGen       total 139776K, used 25157K [0x00000006c0000000, 0x00000006c8880000, 0x000000076ab00000)
  object space 139776K, 17% used [0x00000006c0000000,0x00000006c1891440,0x00000006c8880000)
 Metaspace       used 33062K, capacity 36292K, committed 36400K, reserved 1081344K
  class space    used 4586K, capacity 5155K, committed 5168K, reserved 1048576K
Event: 1252.621 GC heap after
Heap after GC invocations=13 (full 2):
 PSYoungGen      total 67584K, used 8797K [0x000000076ab00000, 0x0000000770800000, 0x00000007c0000000)
  eden space 58368K, 0% used [0x000000076ab00000,0x000000076ab00000,0x000000076e400000)
  from space 9216K, 95% used [0x000000076e500000,0x000000076ed97640,0x000000076ee00000)
  to   space 18432K, 0% used [0x000000076f600000,0x000000076f600000,0x0000000770800000)
 ParOldGen       total 139776K, used 25165K [0x00000006c0000000, 0x00000006c8880000, 0x000000076ab00000)
  object space 139776K, 18% used [0x00000006c0000000,0x00000006c1893440,0x00000006c8880000)
 Metaspace       used 33062K, capacity 36292K, committed 36400K, reserved 1081344K
  class space    used 4586K, capacity 5155K, committed 5168K, reserved 1048576K
}
Event: 1320.486 GC heap before
{Heap before GC invocations=14 (full 2):
 PSYoungGen      total 67584K, used 67165K [0x000000076ab00000, 0x0000000770800000, 0x00000007c0000000)
  eden space 58368K, 100% used [0x000000076ab00000,0x000000076e400000,0x000000076e400000)
  from space 9216K, 95% used [0x000000076e500000,0x000000076ed97640,0x000000076ee00000)
  to   space 18432K, 0% used [0x000000076f600000,0x000000076f600000,0x0000000770800000)
 ParOldGen       total 139776K, used 25165K [0x00000006c0000000, 0x00000006c8880000, 0x000000076ab00000)
  object space 139776K, 18% used [0x00000006c0000000,0x00000006c1893440,0x00000006c8880000)
 Metaspace       used 33126K, capacity 36364K, committed 36656K, reserved 1081344K
  class space    used 4587K, capacity 5155K, committed 5168K, reserved 1048576K
Event: 1320.488 GC heap after
Heap after GC invocations=14 (full 2):
 PSYoungGen      total 75776K, used 9266K [0x000000076ab00000, 0x0000000770780000, 0x00000007c0000000)
  eden space 57856K, 0% used [0x000000076ab00000,0x000000076ab00000,0x000000076e380000)
  from space 17920K, 51% used [0x000000076f600000,0x000000076ff0cb00,0x0000000770780000)
  to   space 18432K, 0% used [0x000000076e380000,0x000000076e380000,0x000000076f580000)
 ParOldGen       total 139776K, used 25173K [0x00000006c0000000, 0x00000006c8880000, 0x000000076ab00000)
  object space 139776K, 18% used [0x00000006c0000000,0x00000006c1895440,0x00000006c8880000)
 Metaspace       used 33126K, capacity 36364K, committed 36656K, reserved 1081344K
  class space    used 4587K, capacity 5155K, committed 5168K, reserved 1048576K
}
Event: 1341.594 GC heap before
{Heap before GC invocations=15 (full 2):
 PSYoungGen      total 75776K, used 67122K [0x000000076ab00000, 0x0000000770780000, 0x00000007c0000000)
  eden space 57856K, 100% used [0x000000076ab00000,0x000000076e380000,0x000000076e380000)
  from space 17920K, 51% used [0x000000076f600000,0x000000076ff0cb00,0x0000000770780000)
  to   space 18432K, 0% used [0x000000076e380000,0x000000076e380000,0x000000076f580000)
 ParOldGen       total 139776K, used 25173K [0x00000006c0000000, 0x00000006c8880000, 0x000000076ab00000)
  object space 139776K, 18% used [0x00000006c0000000,0x00000006c1895440,0x00000006c8880000)
 Metaspace       used 33178K, capacity 36402K, committed 36656K, reserved 1081344K
  class space    used 4590K, capacity 5160K, committed 5168K, reserved 1048576K
Event: 1341.596 GC heap after
Heap after GC invocations=15 (full 2):
 PSYoungGen      total 67072K, used 9720K [0x000000076ab00000, 0x0000000770600000, 0x00000007c0000000)
  eden space 57344K, 0% used [0x000000076ab00000,0x000000076ab00000,0x000000076e300000)
  from space 9728K, 99% used [0x000000076e380000,0x000000076ecfe268,0x000000076ed00000)
  to   space 17920K, 0% used [0x000000076f480000,0x000000076f480000,0x0000000770600000)
 ParOldGen       total 139776K, used 25181K [0x00000006c0000000, 0x00000006c8880000, 0x000000076ab00000)
  object space 139776K, 18% used [0x00000006c0000000,0x00000006c1897440,0x00000006c8880000)
 Metaspace       used 33178K, capacity 36402K, committed 36656K, reserved 1081344K
  class space    used 4590K, capacity 5160K, committed 5168K, reserved 1048576K
}
Event: 1465.852 GC heap before
{Heap before GC invocations=16 (full 2):
 PSYoungGen      total 67072K, used 67064K [0x000000076ab00000, 0x0000000770600000, 0x00000007c0000000)
  eden space 57344K, 100% used [0x000000076ab00000,0x000000076e300000,0x000000076e300000)
  from space 9728K, 99% used [0x000000076e380000,0x000000076ecfe268,0x000000076ed00000)
  to   space 17920K, 0% used [0x000000076f480000,0x000000076f480000,0x0000000770600000)
 ParOldGen       total 139776K, used 25181K [0x00000006c0000000, 0x00000006c8880000, 0x000000076ab00000)
  object space 139776K, 18% used [0x00000006c0000000,0x00000006c1897440,0x00000006c8880000)
 Metaspace       used 33322K, capacity 36530K, committed 36656K, reserved 1081344K
  class space    used 4607K, capacity 5160K, committed 5168K, reserved 1048576K
Event: 1465.854 GC heap after
Heap after GC invocations=16 (full 2):
 PSYoungGen      total 74240K, used 9642K [0x000000076ab00000, 0x0000000770580000, 0x00000007c0000000)
  eden space 56832K, 0% used [0x000000076ab00000,0x000000076ab00000,0x000000076e280000)
  from space 17408K, 55% used [0x000000076f480000,0x000000076fdea820,0x0000000770580000)
  to   space 17920K, 0% used [0x000000076e280000,0x000000076e280000,0x000000076f400000)
 ParOldGen       total 139776K, used 25189K [0x00000006c0000000, 0x00000006c8880000, 0x000000076ab00000)
  object space 139776K, 18% used [0x00000006c0000000,0x00000006c1899440,0x00000006c8880000)
 Metaspace       used 33322K, capacity 36530K, committed 36656K, reserved 1081344K
  class space    used 4607K, capacity 5160K, committed 5168K, reserved 1048576K
}

